<?xml version="1.0" encoding="UTF-8"?>
<!-- Generated by org.testng.reporters.JUnitReportReporter -->
<testsuite hostname="Admin-PC" name="com.kodiak.qa.testsuites.gitLoginWithInvalidAndValid" tests="3" failures="0" timestamp="9 Nov 2016 08:30:56 GMT" time="61.745" errors="0">
  <testcase name="launchGITSuccessfully" time="35.018" classname="com.kodiak.qa.testsuites.gitLoginWithInvalidAndValid"/>
  <testcase name="launchGITUnsuccessful" time="24.697" classname="com.kodiak.qa.testsuites.gitLoginWithInvalidAndValid"/>
  <testcase name="validatingCloseBrowser" time="2.030" classname="com.kodiak.qa.testsuites.gitLoginWithInvalidAndValid"/>
</testsuite> <!-- com.kodiak.qa.testsuites.gitLoginWithInvalidAndValid -->
